<?xml version="1.0" encoding="UTF-8"?>
<!-- Generated by org.testng.reporters.JUnitXMLReporter -->
<testsuite ignored="0" hostname="DESKTOP-AFGVFFP" failures="0" tests="3" name="Default test" time="2.629" errors="0" timestamp="2024-07-04T14:22:09 IST">
  <testcase classname="Files.DynamicJson" name="AddBookData" time="2.158"/>
  <testcase classname="Files.DynamicJson" name="AddBookData" time="0.21"/>
  <testcase classname="Files.DynamicJson" name="AddBookData" time="0.18"/>
</testsuite> <!-- Default test -->
