<?xml version="1.0" encoding="UTF-8"?>
<testng-results ignored="0" total="3" passed="3" failed="0" skipped="0">
  <reporter-output>
  </reporter-output>
  <suite started-at="2024-07-04T14:22:06 IST" name="Default suite" finished-at="2024-07-04T14:22:09 IST" duration-ms="2629">
    <groups>
    </groups>
    <test started-at="2024-07-04T14:22:06 IST" name="Default test" finished-at="2024-07-04T14:22:09 IST" duration-ms="2629">
      <class name="Files.DynamicJson">
        <test-method signature="AddBookData(java.lang.String,java.lang.String)[pri:0, instance:Files.DynamicJson@366c4480]" started-at="2024-07-04T14:22:07 IST" name="AddBookData" data-provider="BooksData" finished-at="2024-07-04T14:22:09 IST" duration-ms="2158" status="PASS">
          <params>
            <param index="0">
              <value>
                <![CDATA[ABCD]]>
              </value>
            </param>
            <param index="1">
              <value>
                <![CDATA[1234]]>
              </value>
            </param>
          </params>
          <reporter-output>
          </reporter-output>
        </test-method> <!-- AddBookData -->
        <test-method signature="AddBookData(java.lang.String,java.lang.String)[pri:0, instance:Files.DynamicJson@366c4480]" started-at="2024-07-04T14:22:09 IST" name="AddBookData" data-provider="BooksData" finished-at="2024-07-04T14:22:09 IST" duration-ms="210" status="PASS">
          <params>
            <param index="0">
              <value>
                <![CDATA[EFGH]]>
              </value>
            </param>
            <param index="1">
              <value>
                <![CDATA[5678]]>
              </value>
            </param>
          </params>
          <reporter-output>
          </reporter-output>
        </test-method> <!-- AddBookData -->
        <test-method signature="AddBookData(java.lang.String,java.lang.String)[pri:0, instance:Files.DynamicJson@366c4480]" started-at="2024-07-04T14:22:09 IST" name="AddBookData" data-provider="BooksData" finished-at="2024-07-04T14:22:09 IST" duration-ms="180" status="PASS">
          <params>
            <param index="0">
              <value>
                <![CDATA[IJKL]]>
              </value>
            </param>
            <param index="1">
              <value>
                <![CDATA[9101112]]>
              </value>
            </param>
          </params>
          <reporter-output>
          </reporter-output>
        </test-method> <!-- AddBookData -->
      </class> <!-- Files.DynamicJson -->
    </test> <!-- Default test -->
  </suite> <!-- Default suite -->
</testng-results>
